Started GET "/" for 127.0.0.1 at 2023-12-27 16:00:16 +0900
Processing by HelloController#index as HTML
  Rendering layout layouts/application.html.erb
  Rendering hello/index.html.erb within layouts/application
  Rendered hello/index.html.erb within layouts/application (Duration: 1.1ms | Allocations: 430)
  Rendered layout layouts/application.html.erb (Duration: 235.2ms | Allocations: 95135)
Completed 200 OK in 247ms (Views: 239.6ms | ActiveRecord: 0.0ms | Allocations: 99765)


Started GET "/" for 127.0.0.1 at 2023-12-27 16:25:34 +0900
  
SyntaxError (/home/pikachu0310/github/rails-practice/app/controllers/application_controller.rb:5: unterminated string meets end of file
/home/pikachu0310/github/rails-practice/app/controllers/application_controller.rb:5: syntax error, unexpected end-of-input, expecting `end' or dummy end):
  
app/controllers/application_controller.rb:5: unterminated string meets end of file
app/controllers/application_controller.rb:5: syntax error, unexpected end-of-input, expecting `end' or dummy end
app/controllers/application_controller.rb:5: unterminated string meets end of file
app/controllers/application_controller.rb:5: syntax error, unexpected end-of-input, expecting `end' or dummy end
app/controllers/application_controller.rb:5: unterminated string meets end of file
app/controllers/application_controller.rb:5: syntax error, unexpected end-of-input, expecting `end' or dummy end
Started GET "/" for 127.0.0.1 at 2023-12-27 16:26:41 +0900
Processing by ApplicationController#hello as HTML
  Rendering html template
  Rendered html template (Duration: 0.1ms | Allocations: 11)
Completed 200 OK in 4ms (Views: 2.0ms | Allocations: 1713)


  [1m[35m (5.8ms)[0m  [1m[35mCREATE TABLE "schema_migrations" ("version" varchar NOT NULL PRIMARY KEY)[0m
  [1m[35m (4.4ms)[0m  [1m[35mCREATE TABLE "ar_internal_metadata" ("key" varchar NOT NULL PRIMARY KEY, "value" varchar, "created_at" datetime(6) NOT NULL, "updated_at" datetime(6) NOT NULL)[0m
  [1m[36mActiveRecord::SchemaMigration Pluck (0.1ms)[0m  [1m[34mSELECT "schema_migrations"."version" FROM "schema_migrations" ORDER BY "schema_migrations"."version" ASC[0m
Migrating to CreateUsers (20231227074322)
  [1m[36mTRANSACTION (0.0ms)[0m  [1m[36mbegin transaction[0m
  [1m[35m (0.1ms)[0m  [1m[35mCREATE TABLE "users" ("id" integer PRIMARY KEY AUTOINCREMENT NOT NULL, "name" varchar, "email" varchar, "created_at" datetime(6) NOT NULL, "updated_at" datetime(6) NOT NULL)[0m
  [1m[36mActiveRecord::SchemaMigration Create (0.1ms)[0m  [1m[32mINSERT INTO "schema_migrations" ("version") VALUES (?)[0m  [["version", "20231227074322"]]
  [1m[36mTRANSACTION (4.1ms)[0m  [1m[36mcommit transaction[0m
  [1m[36mActiveRecord::InternalMetadata Load (0.1ms)[0m  [1m[34mSELECT "ar_internal_metadata".* FROM "ar_internal_metadata" WHERE "ar_internal_metadata"."key" = ? LIMIT ?[0m  [["key", "environment"], ["LIMIT", 1]]
  [1m[36mTRANSACTION (0.1ms)[0m  [1m[36mbegin transaction[0m
  [1m[36mActiveRecord::InternalMetadata Create (0.2ms)[0m  [1m[32mINSERT INTO "ar_internal_metadata" ("key", "value", "created_at", "updated_at") VALUES (?, ?, ?, ?)[0m  [["key", "environment"], ["value", "development"], ["created_at", "2023-12-27 07:43:51.038720"], ["updated_at", "2023-12-27 07:43:51.038720"]]
  [1m[36mTRANSACTION (3.0ms)[0m  [1m[36mcommit transaction[0m
  [1m[36mActiveRecord::SchemaMigration Pluck (0.0ms)[0m  [1m[34mSELECT "schema_migrations"."version" FROM "schema_migrations" ORDER BY "schema_migrations"."version" ASC[0m
Started GET "/" for 127.0.0.1 at 2023-12-27 16:54:27 +0900
  [1m[36mActiveRecord::SchemaMigration Pluck (0.1ms)[0m  [1m[34mSELECT "schema_migrations"."version" FROM "schema_migrations" ORDER BY "schema_migrations"."version" ASC[0m
Processing by ApplicationController#hello as HTML
  Rendering html template
  Rendered html template (Duration: 0.0ms | Allocations: 16)
Completed 200 OK in 3ms (Views: 1.3ms | ActiveRecord: 0.0ms | Allocations: 2050)


Started GET "/users" for 127.0.0.1 at 2023-12-27 16:54:29 +0900
Processing by UsersController#index as HTML
  Rendering layout layouts/application.html.erb
  Rendering users/index.html.erb within layouts/application
  [1m[36mUser Load (0.2ms)[0m  [1m[34mSELECT "users".* FROM "users"[0m
  ↳ app/views/users/index.html.erb:6
  Rendered users/index.html.erb within layouts/application (Duration: 3.7ms | Allocations: 1642)
  Rendered layout layouts/application.html.erb (Duration: 53.0ms | Allocations: 35561)
Completed 200 OK in 58ms (Views: 54.0ms | ActiveRecord: 0.2ms | Allocations: 37674)


Started GET "/users" for 127.0.0.1 at 2023-12-27 16:55:17 +0900
Processing by UsersController#index as HTML
  Rendering layout layouts/application.html.erb
  Rendering users/index.html.erb within layouts/application
  [1m[36mUser Load (0.1ms)[0m  [1m[34mSELECT "users".* FROM "users"[0m
  ↳ app/views/users/index.html.erb:6
  Rendered users/index.html.erb within layouts/application (Duration: 1.4ms | Allocations: 781)
  Rendered layout layouts/application.html.erb (Duration: 3.6ms | Allocations: 2942)
Completed 200 OK in 5ms (Views: 4.1ms | ActiveRecord: 0.1ms | Allocations: 3219)


Started GET "/users/new" for 127.0.0.1 at 2023-12-27 16:55:18 +0900
Processing by UsersController#new as HTML
  Rendering layout layouts/application.html.erb
  Rendering users/new.html.erb within layouts/application
  Rendered users/_form.html.erb (Duration: 10.6ms | Allocations: 4571)
  Rendered users/new.html.erb within layouts/application (Duration: 11.6ms | Allocations: 4876)
  Rendered layout layouts/application.html.erb (Duration: 13.2ms | Allocations: 7036)
Completed 200 OK in 25ms (Views: 13.7ms | ActiveRecord: 0.6ms | Allocations: 19442)


Started POST "/users" for 127.0.0.1 at 2023-12-27 16:55:20 +0900
Processing by UsersController#create as TURBO_STREAM
  Parameters: {"authenticity_token"=>"[FILTERED]", "user"=>{"name"=>"test", "email"=>"test"}, "commit"=>"Create User"}
  [1m[36mTRANSACTION (0.1ms)[0m  [1m[36mbegin transaction[0m
  ↳ app/controllers/users_controller.rb:27:in `block in create'
  [1m[36mUser Create (0.3ms)[0m  [1m[32mINSERT INTO "users" ("name", "email", "created_at", "updated_at") VALUES (?, ?, ?, ?)[0m  [["name", "test"], ["email", "test"], ["created_at", "2023-12-27 07:55:20.371134"], ["updated_at", "2023-12-27 07:55:20.371134"]]
  ↳ app/controllers/users_controller.rb:27:in `block in create'
  [1m[36mTRANSACTION (3.0ms)[0m  [1m[36mcommit transaction[0m
  ↳ app/controllers/users_controller.rb:27:in `block in create'
Redirected to http://127.0.0.1:3000/users/1
Completed 302 Found in 7ms (ActiveRecord: 3.3ms | Allocations: 3710)


Started GET "/users/1" for 127.0.0.1 at 2023-12-27 16:55:20 +0900
Processing by UsersController#show as TURBO_STREAM
  Parameters: {"id"=>"1"}
  [1m[36mUser Load (0.1ms)[0m  [1m[34mSELECT "users".* FROM "users" WHERE "users"."id" = ? LIMIT ?[0m  [["id", 1], ["LIMIT", 1]]
  ↳ app/controllers/users_controller.rb:63:in `set_user'
  Rendering layout layouts/application.html.erb
  Rendering users/show.html.erb within layouts/application
  Rendered users/_user.html.erb (Duration: 0.2ms | Allocations: 178)
  Rendered users/show.html.erb within layouts/application (Duration: 2.4ms | Allocations: 1317)
  Rendered layout layouts/application.html.erb (Duration: 4.1ms | Allocations: 3469)
Completed 200 OK in 7ms (Views: 4.5ms | ActiveRecord: 0.1ms | Allocations: 6085)


Started GET "/users/1/edit" for 127.0.0.1 at 2023-12-27 16:55:22 +0900
Processing by UsersController#edit as HTML
  Parameters: {"id"=>"1"}
  [1m[36mUser Load (0.1ms)[0m  [1m[34mSELECT "users".* FROM "users" WHERE "users"."id" = ? LIMIT ?[0m  [["id", 1], ["LIMIT", 1]]
  ↳ app/controllers/users_controller.rb:63:in `set_user'
  Rendering layout layouts/application.html.erb
  Rendering users/edit.html.erb within layouts/application
  Rendered users/_form.html.erb (Duration: 1.2ms | Allocations: 1087)
  Rendered users/edit.html.erb within layouts/application (Duration: 1.8ms | Allocations: 1359)
  Rendered layout layouts/application.html.erb (Duration: 3.3ms | Allocations: 3512)
Completed 200 OK in 5ms (Views: 3.6ms | ActiveRecord: 0.1ms | Allocations: 4333)


Started PATCH "/users/1" for 127.0.0.1 at 2023-12-27 16:55:53 +0900
Processing by UsersController#update as TURBO_STREAM
  Parameters: {"authenticity_token"=>"[FILTERED]", "user"=>{"name"=>"test", "email"=>""}, "commit"=>"Update User", "id"=>"1"}
  [1m[36mUser Load (0.1ms)[0m  [1m[34mSELECT "users".* FROM "users" WHERE "users"."id" = ? LIMIT ?[0m  [["id", 1], ["LIMIT", 1]]
  ↳ app/controllers/users_controller.rb:63:in `set_user'
  [1m[36mTRANSACTION (0.0ms)[0m  [1m[36mbegin transaction[0m
  ↳ app/controllers/users_controller.rb:40:in `block in update'
  [1m[36mUser Update (0.2ms)[0m  [1m[33mUPDATE "users" SET "email" = ?, "updated_at" = ? WHERE "users"."id" = ?[0m  [["email", ""], ["updated_at", "2023-12-27 07:55:53.943971"], ["id", 1]]
  ↳ app/controllers/users_controller.rb:40:in `block in update'
  [1m[36mTRANSACTION (3.0ms)[0m  [1m[36mcommit transaction[0m
  ↳ app/controllers/users_controller.rb:40:in `block in update'
Redirected to http://127.0.0.1:3000/users/1
Completed 302 Found in 14ms (ActiveRecord: 3.4ms | Allocations: 3078)


Started GET "/users/1" for 127.0.0.1 at 2023-12-27 16:55:53 +0900
Processing by UsersController#show as TURBO_STREAM
  Parameters: {"id"=>"1"}
  [1m[36mUser Load (0.1ms)[0m  [1m[34mSELECT "users".* FROM "users" WHERE "users"."id" = ? LIMIT ?[0m  [["id", 1], ["LIMIT", 1]]
  ↳ app/controllers/users_controller.rb:63:in `set_user'
  Rendering layout layouts/application.html.erb
  Rendering users/show.html.erb within layouts/application
  Rendered users/_user.html.erb (Duration: 0.1ms | Allocations: 19)
  Rendered users/show.html.erb within layouts/application (Duration: 0.8ms | Allocations: 593)
  Rendered layout layouts/application.html.erb (Duration: 3.0ms | Allocations: 2782)
Completed 200 OK in 4ms (Views: 3.3ms | ActiveRecord: 0.1ms | Allocations: 3541)


Started DELETE "/users/1" for 127.0.0.1 at 2023-12-27 16:56:02 +0900
Processing by UsersController#destroy as TURBO_STREAM
  Parameters: {"authenticity_token"=>"[FILTERED]", "id"=>"1"}
  [1m[36mUser Load (0.1ms)[0m  [1m[34mSELECT "users".* FROM "users" WHERE "users"."id" = ? LIMIT ?[0m  [["id", 1], ["LIMIT", 1]]
  ↳ app/controllers/users_controller.rb:63:in `set_user'
  [1m[36mTRANSACTION (0.0ms)[0m  [1m[36mbegin transaction[0m
  ↳ app/controllers/users_controller.rb:52:in `destroy'
  [1m[36mUser Destroy (0.3ms)[0m  [1m[31mDELETE FROM "users" WHERE "users"."id" = ?[0m  [["id", 1]]
  ↳ app/controllers/users_controller.rb:52:in `destroy'
  [1m[36mTRANSACTION (3.0ms)[0m  [1m[36mcommit transaction[0m
  ↳ app/controllers/users_controller.rb:52:in `destroy'
Redirected to http://127.0.0.1:3000/users
Completed 302 Found in 7ms (ActiveRecord: 3.4ms | Allocations: 2506)


Started GET "/users" for 127.0.0.1 at 2023-12-27 16:56:02 +0900
Processing by UsersController#index as TURBO_STREAM
  Rendering layout layouts/application.html.erb
  Rendering users/index.html.erb within layouts/application
  [1m[36mUser Load (0.1ms)[0m  [1m[34mSELECT "users".* FROM "users"[0m
  ↳ app/views/users/index.html.erb:6
  Rendered users/index.html.erb within layouts/application (Duration: 1.1ms | Allocations: 787)
  Rendered layout layouts/application.html.erb (Duration: 2.9ms | Allocations: 2948)
Completed 200 OK in 3ms (Views: 3.2ms | ActiveRecord: 0.1ms | Allocations: 3222)


  [1m[36mActiveRecord::SchemaMigration Pluck (0.1ms)[0m  [1m[34mSELECT "schema_migrations"."version" FROM "schema_migrations" ORDER BY "schema_migrations"."version" ASC[0m
Migrating to CreateMicroposts (20231227075833)
  [1m[36mTRANSACTION (0.0ms)[0m  [1m[36mbegin transaction[0m
  [1m[35m (0.3ms)[0m  [1m[35mCREATE TABLE "microposts" ("id" integer PRIMARY KEY AUTOINCREMENT NOT NULL, "content" text, "user_id" integer, "created_at" datetime(6) NOT NULL, "updated_at" datetime(6) NOT NULL)[0m
  [1m[36mActiveRecord::SchemaMigration Create (0.1ms)[0m  [1m[32mINSERT INTO "schema_migrations" ("version") VALUES (?)[0m  [["version", "20231227075833"]]
  [1m[36mTRANSACTION (4.3ms)[0m  [1m[36mcommit transaction[0m
  [1m[36mActiveRecord::InternalMetadata Load (0.1ms)[0m  [1m[34mSELECT "ar_internal_metadata".* FROM "ar_internal_metadata" WHERE "ar_internal_metadata"."key" = ? LIMIT ?[0m  [["key", "environment"], ["LIMIT", 1]]
  [1m[36mActiveRecord::SchemaMigration Pluck (0.0ms)[0m  [1m[34mSELECT "schema_migrations"."version" FROM "schema_migrations" ORDER BY "schema_migrations"."version" ASC[0m
Started GET "/microposts" for 127.0.0.1 at 2023-12-27 16:59:26 +0900
  [1m[36mActiveRecord::SchemaMigration Pluck (0.1ms)[0m  [1m[34mSELECT "schema_migrations"."version" FROM "schema_migrations" ORDER BY "schema_migrations"."version" ASC[0m
Processing by MicropostsController#index as HTML
  Rendering layout layouts/application.html.erb
  Rendering microposts/index.html.erb within layouts/application
  [1m[36mMicropost Load (0.2ms)[0m  [1m[34mSELECT "microposts".* FROM "microposts"[0m
  ↳ app/views/microposts/index.html.erb:6
  Rendered microposts/index.html.erb within layouts/application (Duration: 5.9ms | Allocations: 1643)
  Rendered layout layouts/application.html.erb (Duration: 50.7ms | Allocations: 35509)
Completed 200 OK in 58ms (Views: 52.6ms | ActiveRecord: 0.2ms | Allocations: 39101)


Started GET "/microposts/new" for 127.0.0.1 at 2023-12-27 17:12:34 +0900
Processing by MicropostsController#new as HTML
  Rendering layout layouts/application.html.erb
  Rendering microposts/new.html.erb within layouts/application
  Rendered microposts/_form.html.erb (Duration: 5.0ms | Allocations: 3158)
  Rendered microposts/new.html.erb within layouts/application (Duration: 5.6ms | Allocations: 3476)
  Rendered layout layouts/application.html.erb (Duration: 12.7ms | Allocations: 16250)
Completed 200 OK in 20ms (Views: 13.6ms | ActiveRecord: 0.6ms | Allocations: 21533)


Started GET "/" for 127.0.0.1 at 2024-01-10 14:22:22 +0900
  [1m[36mActiveRecord::SchemaMigration Pluck (0.1ms)[0m  [1m[34mSELECT "schema_migrations"."version" FROM "schema_migrations" ORDER BY "schema_migrations"."version" ASC[0m
Processing by HelloController#index as HTML
  Rendering layout layouts/application.html.erb
  Rendering hello/index.html.erb within layouts/application
  Rendered hello/index.html.erb within layouts/application (Duration: 0.6ms | Allocations: 286)
  Rendered layout layouts/application.html.erb (Duration: 42.3ms | Allocations: 34397)
Completed 200 OK in 47ms (Views: 43.9ms | ActiveRecord: 0.0ms | Allocations: 37324)


Started GET "/users" for 127.0.0.1 at 2024-01-10 14:22:54 +0900
Processing by UsersController#index as HTML
  Rendering layout layouts/application.html.erb
  Rendering users/index.html.erb within layouts/application
  [1m[36mUser Load (0.1ms)[0m  [1m[34mSELECT "users".* FROM "users"[0m
  ↳ app/views/users/index.html.erb:6
  Rendered users/index.html.erb within layouts/application (Duration: 1.4ms | Allocations: 1242)
  Rendered layout layouts/application.html.erb (Duration: 3.0ms | Allocations: 3493)
Completed 200 OK in 5ms (Views: 3.5ms | ActiveRecord: 0.1ms | Allocations: 4804)


Started GET "/users/new" for 127.0.0.1 at 2024-01-10 14:22:57 +0900
Processing by UsersController#new as HTML
  Rendering layout layouts/application.html.erb
  Rendering users/new.html.erb within layouts/application
  Rendered users/_form.html.erb (Duration: 2.8ms | Allocations: 2844)
  Rendered users/new.html.erb within layouts/application (Duration: 3.2ms | Allocations: 3149)
  Rendered layout layouts/application.html.erb (Duration: 4.7ms | Allocations: 5310)
Completed 200 OK in 8ms (Views: 5.0ms | ActiveRecord: 0.3ms | Allocations: 9521)


Started GET "/" for 127.0.0.1 at 2024-01-10 14:36:20 +0900
Processing by UsersController#index as HTML
  Rendering layout layouts/application.html.erb
  Rendering users/index.html.erb within layouts/application
  [1m[36mUser Load (0.0ms)[0m  [1m[34mSELECT "users".* FROM "users"[0m
  ↳ app/views/users/index.html.erb:6
  Rendered users/index.html.erb within layouts/application (Duration: 1.4ms | Allocations: 1021)
  Rendered layout layouts/application.html.erb (Duration: 14.1ms | Allocations: 18901)
Completed 200 OK in 16ms (Views: 14.7ms | ActiveRecord: 0.3ms | Allocations: 19977)


  [1m[36mActiveRecord::SchemaMigration Pluck (0.1ms)[0m  [1m[34mSELECT "schema_migrations"."version" FROM "schema_migrations" ORDER BY "schema_migrations"."version" ASC[0m
  [1m[36mActiveRecord::InternalMetadata Load (0.1ms)[0m  [1m[34mSELECT "ar_internal_metadata".* FROM "ar_internal_metadata" WHERE "ar_internal_metadata"."key" = ? LIMIT ?[0m  [["key", "environment"], ["LIMIT", 1]]
  [1m[36mActiveRecord::SchemaMigration Pluck (0.0ms)[0m  [1m[34mSELECT "schema_migrations"."version" FROM "schema_migrations" ORDER BY "schema_migrations"."version" ASC[0m
Started GET "/" for 127.0.0.1 at 2024-01-10 14:56:43 +0900
  [1m[36mActiveRecord::SchemaMigration Pluck (0.1ms)[0m  [1m[34mSELECT "schema_migrations"."version" FROM "schema_migrations" ORDER BY "schema_migrations"."version" ASC[0m
Processing by UsersController#index as HTML
  Rendering layout layouts/application.html.erb
  Rendering users/index.html.erb within layouts/application
  [1m[36mUser Load (0.1ms)[0m  [1m[34mSELECT "users".* FROM "users"[0m
  ↳ app/views/users/index.html.erb:6
  Rendered users/index.html.erb within layouts/application (Duration: 3.3ms | Allocations: 1476)
  Rendered layout layouts/application.html.erb (Duration: 56.7ms | Allocations: 40166)
Completed 200 OK in 64ms (Views: 58.4ms | ActiveRecord: 0.1ms | Allocations: 43728)


Started GET "/microposts/new" for 127.0.0.1 at 2024-01-10 14:56:47 +0900
Processing by MicropostsController#new as HTML
  Rendering layout layouts/application.html.erb
  Rendering microposts/new.html.erb within layouts/application
  Rendered microposts/_form.html.erb (Duration: 6.4ms | Allocations: 3038)
  Rendered microposts/new.html.erb within layouts/application (Duration: 7.2ms | Allocations: 3361)
  Rendered layout layouts/application.html.erb (Duration: 8.6ms | Allocations: 5613)
Completed 200 OK in 14ms (Views: 9.5ms | ActiveRecord: 0.4ms | Allocations: 10631)


Started POST "/microposts" for 127.0.0.1 at 2024-01-10 14:56:57 +0900
Processing by MicropostsController#create as TURBO_STREAM
  Parameters: {"authenticity_token"=>"[FILTERED]", "micropost"=>{"content"=>"test", "user_id"=>"1"}, "commit"=>"Create Micropost"}
  [1m[36mTRANSACTION (0.0ms)[0m  [1m[36mbegin transaction[0m
  ↳ app/controllers/microposts_controller.rb:27:in `block in create'
  [1m[36mMicropost Create (0.2ms)[0m  [1m[32mINSERT INTO "microposts" ("content", "user_id", "created_at", "updated_at") VALUES (?, ?, ?, ?)[0m  [["content", "test"], ["user_id", 1], ["created_at", "2024-01-10 05:56:57.605213"], ["updated_at", "2024-01-10 05:56:57.605213"]]
  ↳ app/controllers/microposts_controller.rb:27:in `block in create'
  [1m[36mTRANSACTION (3.0ms)[0m  [1m[36mcommit transaction[0m
  ↳ app/controllers/microposts_controller.rb:27:in `block in create'
Redirected to http://127.0.0.1:3000/microposts/1
Completed 302 Found in 6ms (ActiveRecord: 3.2ms | Allocations: 3736)


Started GET "/microposts/1" for 127.0.0.1 at 2024-01-10 14:56:57 +0900
Processing by MicropostsController#show as TURBO_STREAM
  Parameters: {"id"=>"1"}
  [1m[36mMicropost Load (0.1ms)[0m  [1m[34mSELECT "microposts".* FROM "microposts" WHERE "microposts"."id" = ? LIMIT ?[0m  [["id", 1], ["LIMIT", 1]]
  ↳ app/controllers/microposts_controller.rb:63:in `set_micropost'
  Rendering layout layouts/application.html.erb
  Rendering microposts/show.html.erb within layouts/application
  Rendered microposts/_micropost.html.erb (Duration: 0.4ms | Allocations: 178)
  Rendered microposts/show.html.erb within layouts/application (Duration: 2.2ms | Allocations: 1250)
  Rendered layout layouts/application.html.erb (Duration: 3.9ms | Allocations: 3405)
Completed 200 OK in 6ms (Views: 4.2ms | ActiveRecord: 0.1ms | Allocations: 6070)


Started GET "/microposts" for 127.0.0.1 at 2024-01-10 14:57:58 +0900
Processing by MicropostsController#index as HTML
  Rendering layout layouts/application.html.erb
  Rendering microposts/index.html.erb within layouts/application
  [1m[36mMicropost Load (0.1ms)[0m  [1m[34mSELECT "microposts".* FROM "microposts"[0m
  ↳ app/views/microposts/index.html.erb:6
  Rendered microposts/_micropost.html.erb (Duration: 0.1ms | Allocations: 19)
  Rendered microposts/index.html.erb within layouts/application (Duration: 2.0ms | Allocations: 1167)
  Rendered layout layouts/application.html.erb (Duration: 3.8ms | Allocations: 3328)
Completed 200 OK in 5ms (Views: 4.0ms | ActiveRecord: 0.1ms | Allocations: 3690)


Started GET "/microposts/new" for 127.0.0.1 at 2024-01-10 14:58:00 +0900
Processing by MicropostsController#new as HTML
  Rendering layout layouts/application.html.erb
  Rendering microposts/new.html.erb within layouts/application
  Rendered microposts/_form.html.erb (Duration: 1.1ms | Allocations: 995)
  Rendered microposts/new.html.erb within layouts/application (Duration: 1.3ms | Allocations: 1084)
  Rendered layout layouts/application.html.erb (Duration: 2.9ms | Allocations: 3245)
Completed 200 OK in 3ms (Views: 3.2ms | ActiveRecord: 0.0ms | Allocations: 3524)


Started POST "/microposts" for 127.0.0.1 at 2024-01-10 14:58:05 +0900
Processing by MicropostsController#create as TURBO_STREAM
  Parameters: {"authenticity_token"=>"[FILTERED]", "micropost"=>{"content"=>"aaaaaaaaaaaaaaaaaaaaaaaaaaaaaaaaaaaaaaaaaaaaaaaaaaaaaaaaaaaaaaaaaaaaaaaaaaaaaaaaaaaaaaaaaaaaaaaaaaaaaaaaaaaaaaaaaaaaaaaaaaaaaaaaaaaaaaaaaaaaaaaaaaaaaaaaaaaaaaaaaaaaaaaaaaaaaaaaaaaaaaaaaaaaaaaaaaaaaaaaaaaaaaaaaaaaaaaaaaaaaaaaaaaaaaaaaaaaaaaaaaaaaaaaaaaaaaaaaaaaaaaaaaaaaaaaaaaaaaaaaaaaaaaaaaaaaaaaaaaaaaaaaaaaaaaaaaaaaaaaaaaaaaaaaaaaaaaaaaaaaaaaaaaaaaaaaaaaaaaaaaaaaaaaaaaaaaaaaaaaaaaaaaaaaaaaaaaaaaaaaaaaaaaaaaaaaaaaaaaaaaaaaaaaaaaaaaaaaaaaaaaaaaaaaaaaaaaaaaaaaaaaaaaaaaaaaaaaaaaaaaaaaaaaaaaaaaaaaaaaaaaaaaaaaaaaaaaaaaaaaaaaaaaaaaaaaaaaaaaaaaaaaaaaaaaaaaaaaaaaaaaaaaaaaaaaaaaaaaaaaaaaaaaaaaaaaaaaaaaaaaaaaaaaaaaaaaaaaaaaaaaaaaaaaaaaaaaaaaaaaaaaaaaaaaaaaaaaaaaaaaaaaaaaaaaaaaaaaaaaaaaaaaaaaaaaaaaaa", "user_id"=>""}, "commit"=>"Create Micropost"}
  Rendering layout layouts/application.html.erb
  Rendering microposts/new.html.erb within layouts/application
  Rendered microposts/_form.html.erb (Duration: 1.5ms | Allocations: 1915)
  Rendered microposts/new.html.erb within layouts/application (Duration: 1.6ms | Allocations: 2004)
  Rendered layout layouts/application.html.erb (Duration: 3.0ms | Allocations: 4156)
Completed 422 Unprocessable Entity in 4ms (Views: 3.3ms | ActiveRecord: 0.0ms | Allocations: 5237)


Started GET "/microposts" for 127.0.0.1 at 2024-01-10 14:58:38 +0900
Processing by MicropostsController#index as HTML
  Rendering layout layouts/application.html.erb
  Rendering microposts/index.html.erb within layouts/application
  [1m[36mMicropost Load (0.0ms)[0m  [1m[34mSELECT "microposts".* FROM "microposts"[0m
  ↳ app/views/microposts/index.html.erb:6
  Rendered microposts/_micropost.html.erb (Duration: 0.0ms | Allocations: 36)
  Rendered microposts/index.html.erb within layouts/application (Duration: 7.7ms | Allocations: 2704)
  Rendered layout layouts/application.html.erb (Duration: 13.4ms | Allocations: 15700)
Completed 200 OK in 17ms (Views: 14.0ms | ActiveRecord: 0.4ms | Allocations: 17833)


  [1m[36mUser Load (0.1ms)[0m  [1m[34mSELECT "users".* FROM "users" ORDER BY "users"."id" ASC LIMIT ?[0m  [["LIMIT", 1]]
Started GET "/microposts" for 127.0.0.1 at 2024-01-10 15:00:09 +0900
Processing by MicropostsController#index as HTML
  Rendering layout layouts/application.html.erb
  Rendering microposts/index.html.erb within layouts/application
  [1m[36mMicropost Load (0.1ms)[0m  [1m[34mSELECT "microposts".* FROM "microposts"[0m
  ↳ app/views/microposts/index.html.erb:6
  Rendered microposts/_micropost.html.erb (Duration: 0.1ms | Allocations: 19)
  Rendered microposts/index.html.erb within layouts/application (Duration: 1.3ms | Allocations: 898)
  Rendered layout layouts/application.html.erb (Duration: 3.1ms | Allocations: 3061)
Completed 200 OK in 4ms (Views: 3.3ms | ActiveRecord: 0.1ms | Allocations: 3339)


Started GET "/" for 127.0.0.1 at 2024-01-10 15:00:13 +0900
Processing by UsersController#index as HTML
  Rendering layout layouts/application.html.erb
  Rendering users/index.html.erb within layouts/application
  [1m[36mUser Load (0.1ms)[0m  [1m[34mSELECT "users".* FROM "users"[0m
  ↳ app/views/users/index.html.erb:6
  Rendered users/index.html.erb within layouts/application (Duration: 1.2ms | Allocations: 876)
  Rendered layout layouts/application.html.erb (Duration: 2.9ms | Allocations: 3126)
Completed 200 OK in 5ms (Views: 3.3ms | ActiveRecord: 0.1ms | Allocations: 4529)


Started GET "/users/new" for 127.0.0.1 at 2024-01-10 15:00:14 +0900
Processing by UsersController#new as HTML
  Rendering layout layouts/application.html.erb
  Rendering users/new.html.erb within layouts/application
  Rendered users/_form.html.erb (Duration: 1.5ms | Allocations: 1508)
  Rendered users/new.html.erb within layouts/application (Duration: 2.2ms | Allocations: 1794)
  Rendered layout layouts/application.html.erb (Duration: 3.7ms | Allocations: 3954)
Completed 200 OK in 7ms (Views: 4.1ms | ActiveRecord: 0.3ms | Allocations: 6515)


Started POST "/users" for 127.0.0.1 at 2024-01-10 15:00:17 +0900
Processing by UsersController#create as TURBO_STREAM
  Parameters: {"authenticity_token"=>"[FILTERED]", "user"=>{"name"=>"pikachu0310", "email"=>"test"}, "commit"=>"Create User"}
  [1m[36mTRANSACTION (0.0ms)[0m  [1m[36mbegin transaction[0m
  ↳ app/controllers/users_controller.rb:27:in `block in create'
  [1m[36mUser Create (0.1ms)[0m  [1m[32mINSERT INTO "users" ("name", "email", "created_at", "updated_at") VALUES (?, ?, ?, ?)[0m  [["name", "pikachu0310"], ["email", "test"], ["created_at", "2024-01-10 06:00:17.169798"], ["updated_at", "2024-01-10 06:00:17.169798"]]
  ↳ app/controllers/users_controller.rb:27:in `block in create'
  [1m[36mTRANSACTION (2.7ms)[0m  [1m[36mcommit transaction[0m
  ↳ app/controllers/users_controller.rb:27:in `block in create'
Redirected to http://127.0.0.1:3000/users/2
Completed 302 Found in 6ms (ActiveRecord: 2.9ms | Allocations: 2594)


Started GET "/users/2" for 127.0.0.1 at 2024-01-10 15:00:17 +0900
Processing by UsersController#show as TURBO_STREAM
  Parameters: {"id"=>"2"}
  [1m[36mUser Load (0.1ms)[0m  [1m[34mSELECT "users".* FROM "users" WHERE "users"."id" = ? LIMIT ?[0m  [["id", 2], ["LIMIT", 1]]
  ↳ app/controllers/users_controller.rb:63:in `set_user'
  Rendering layout layouts/application.html.erb
  Rendering users/show.html.erb within layouts/application
  Rendered users/_user.html.erb (Duration: 0.3ms | Allocations: 167)
  Rendered users/show.html.erb within layouts/application (Duration: 1.7ms | Allocations: 1066)
  Rendered layout layouts/application.html.erb (Duration: 3.1ms | Allocations: 3218)
Completed 200 OK in 5ms (Views: 3.4ms | ActiveRecord: 0.1ms | Allocations: 4669)


  [1m[36mUser Load (0.1ms)[0m  [1m[34mSELECT "users".* FROM "users" ORDER BY "users"."id" ASC LIMIT ?[0m  [["LIMIT", 1]]
  [1m[36mUser Load (0.1ms)[0m  [1m[34mSELECT "users".* FROM "users" ORDER BY "users"."id" ASC LIMIT ?[0m  [["LIMIT", 1]]
  [1m[36mMicropost Load (0.1ms)[0m  [1m[34mSELECT "microposts".* FROM "microposts" WHERE "microposts"."user_id" = ?[0m  [["user_id", 2]]
Started GET "/microposts/new" for 127.0.0.1 at 2024-01-10 15:00:41 +0900
Processing by MicropostsController#new as HTML
  Rendering layout layouts/application.html.erb
  Rendering microposts/new.html.erb within layouts/application
  Rendered microposts/_form.html.erb (Duration: 1.2ms | Allocations: 1056)
  Rendered microposts/new.html.erb within layouts/application (Duration: 1.4ms | Allocations: 1148)
  Rendered layout layouts/application.html.erb (Duration: 3.2ms | Allocations: 3308)
Completed 200 OK in 4ms (Views: 3.5ms | ActiveRecord: 0.0ms | Allocations: 3595)


Started POST "/microposts" for 127.0.0.1 at 2024-01-10 15:00:49 +0900
Processing by MicropostsController#create as TURBO_STREAM
  Parameters: {"authenticity_token"=>"[FILTERED]", "micropost"=>{"content"=>"atata", "user_id"=>"1"}, "commit"=>"Create Micropost"}
  [1m[36mTRANSACTION (0.1ms)[0m  [1m[36mbegin transaction[0m
  ↳ app/controllers/microposts_controller.rb:27:in `block in create'
  [1m[36mUser Load (0.1ms)[0m  [1m[34mSELECT "users".* FROM "users" WHERE "users"."id" = ? LIMIT ?[0m  [["id", 1], ["LIMIT", 1]]
  ↳ app/controllers/microposts_controller.rb:27:in `block in create'
  [1m[36mTRANSACTION (0.0ms)[0m  [1m[31mrollback transaction[0m
  ↳ app/controllers/microposts_controller.rb:27:in `block in create'
  Rendering layout layouts/application.html.erb
  Rendering microposts/new.html.erb within layouts/application
  Rendered microposts/_form.html.erb (Duration: 1.3ms | Allocations: 1301)
  Rendered microposts/new.html.erb within layouts/application (Duration: 1.4ms | Allocations: 1390)
  Rendered layout layouts/application.html.erb (Duration: 2.9ms | Allocations: 3542)
Completed 422 Unprocessable Entity in 14ms (Views: 3.2ms | ActiveRecord: 0.1ms | Allocations: 19463)


Started POST "/microposts" for 127.0.0.1 at 2024-01-10 15:00:52 +0900
Processing by MicropostsController#create as TURBO_STREAM
  Parameters: {"authenticity_token"=>"[FILTERED]", "micropost"=>{"content"=>"atata", "user_id"=>"0"}, "commit"=>"Create Micropost"}
  [1m[36mTRANSACTION (0.0ms)[0m  [1m[36mbegin transaction[0m
  ↳ app/controllers/microposts_controller.rb:27:in `block in create'
  [1m[36mUser Load (0.1ms)[0m  [1m[34mSELECT "users".* FROM "users" WHERE "users"."id" = ? LIMIT ?[0m  [["id", 0], ["LIMIT", 1]]
  ↳ app/controllers/microposts_controller.rb:27:in `block in create'
  [1m[36mTRANSACTION (0.0ms)[0m  [1m[31mrollback transaction[0m
  ↳ app/controllers/microposts_controller.rb:27:in `block in create'
  Rendering layout layouts/application.html.erb
  Rendering microposts/new.html.erb within layouts/application
  Rendered microposts/_form.html.erb (Duration: 1.2ms | Allocations: 1225)
  Rendered microposts/new.html.erb within layouts/application (Duration: 1.3ms | Allocations: 1314)
  Rendered layout layouts/application.html.erb (Duration: 2.8ms | Allocations: 3466)
Completed 422 Unprocessable Entity in 6ms (Views: 3.2ms | ActiveRecord: 0.1ms | Allocations: 6608)


Started GET "/users/2/edit" for 127.0.0.1 at 2024-01-10 15:01:02 +0900
Processing by UsersController#edit as HTML
  Parameters: {"id"=>"2"}
  [1m[36mUser Load (0.1ms)[0m  [1m[34mSELECT "users".* FROM "users" WHERE "users"."id" = ? LIMIT ?[0m  [["id", 2], ["LIMIT", 1]]
  ↳ app/controllers/users_controller.rb:63:in `set_user'
  Rendering layout layouts/application.html.erb
  Rendering users/edit.html.erb within layouts/application
  Rendered users/_form.html.erb (Duration: 1.2ms | Allocations: 1089)
  Rendered users/edit.html.erb within layouts/application (Duration: 1.9ms | Allocations: 1361)
  Rendered layout layouts/application.html.erb (Duration: 3.4ms | Allocations: 3513)
Completed 200 OK in 5ms (Views: 3.7ms | ActiveRecord: 0.1ms | Allocations: 4322)


Started GET "/users" for 127.0.0.1 at 2024-01-10 15:01:04 +0900
Processing by UsersController#index as HTML
  Rendering layout layouts/application.html.erb
  Rendering users/index.html.erb within layouts/application
  [1m[36mUser Load (0.1ms)[0m  [1m[34mSELECT "users".* FROM "users"[0m
  ↳ app/views/users/index.html.erb:6
  Rendered users/_user.html.erb (Duration: 0.0ms | Allocations: 19)
  Rendered users/index.html.erb within layouts/application (Duration: 1.1ms | Allocations: 898)
  Rendered layout layouts/application.html.erb (Duration: 2.8ms | Allocations: 3092)
Completed 200 OK in 7ms (Views: 3.1ms | ActiveRecord: 0.1ms | Allocations: 3365)


Started POST "/microposts" for 127.0.0.1 at 2024-01-10 15:01:07 +0900
Processing by MicropostsController#create as TURBO_STREAM
  Parameters: {"authenticity_token"=>"[FILTERED]", "micropost"=>{"content"=>"atata", "user_id"=>"1"}, "commit"=>"Create Micropost"}
  [1m[36mTRANSACTION (0.0ms)[0m  [1m[36mbegin transaction[0m
  ↳ app/controllers/microposts_controller.rb:27:in `block in create'
  [1m[36mUser Load (0.0ms)[0m  [1m[34mSELECT "users".* FROM "users" WHERE "users"."id" = ? LIMIT ?[0m  [["id", 1], ["LIMIT", 1]]
  ↳ app/controllers/microposts_controller.rb:27:in `block in create'
  [1m[36mTRANSACTION (0.0ms)[0m  [1m[31mrollback transaction[0m
  ↳ app/controllers/microposts_controller.rb:27:in `block in create'
  Rendering layout layouts/application.html.erb
  Rendering microposts/new.html.erb within layouts/application
  Rendered microposts/_form.html.erb (Duration: 1.1ms | Allocations: 1225)
  Rendered microposts/new.html.erb within layouts/application (Duration: 1.3ms | Allocations: 1314)
  Rendered layout layouts/application.html.erb (Duration: 3.0ms | Allocations: 3483)
Completed 422 Unprocessable Entity in 6ms (Views: 3.3ms | ActiveRecord: 0.1ms | Allocations: 6645)


Started GET "/users" for 127.0.0.1 at 2024-01-10 15:01:11 +0900
Processing by UsersController#index as HTML
  Rendering layout layouts/application.html.erb
  Rendering users/index.html.erb within layouts/application
  [1m[36mUser Load (0.1ms)[0m  [1m[34mSELECT "users".* FROM "users"[0m
  ↳ app/views/users/index.html.erb:6
  Rendered users/_user.html.erb (Duration: 0.1ms | Allocations: 19)
  Rendered users/index.html.erb within layouts/application (Duration: 1.2ms | Allocations: 918)
  Rendered layout layouts/application.html.erb (Duration: 2.9ms | Allocations: 3079)
Completed 200 OK in 4ms (Views: 3.2ms | ActiveRecord: 0.1ms | Allocations: 3349)


Started GET "/users" for 127.0.0.1 at 2024-01-10 15:01:16 +0900
Processing by UsersController#index as HTML
  Rendering layout layouts/application.html.erb
  Rendering users/index.html.erb within layouts/application
  [1m[36mUser Load (0.1ms)[0m  [1m[34mSELECT "users".* FROM "users"[0m
  ↳ app/views/users/index.html.erb:6
  Rendered users/_user.html.erb (Duration: 0.1ms | Allocations: 19)
  Rendered users/index.html.erb within layouts/application (Duration: 1.8ms | Allocations: 927)
  Rendered layout layouts/application.html.erb (Duration: 4.3ms | Allocations: 3087)
Completed 200 OK in 5ms (Views: 4.7ms | ActiveRecord: 0.1ms | Allocations: 3356)


Started GET "/users/new" for 127.0.0.1 at 2024-01-10 15:01:20 +0900
Processing by UsersController#new as HTML
  Rendering layout layouts/application.html.erb
  Rendering users/new.html.erb within layouts/application
  Rendered users/_form.html.erb (Duration: 1.1ms | Allocations: 989)
  Rendered users/new.html.erb within layouts/application (Duration: 1.3ms | Allocations: 1078)
  Rendered layout layouts/application.html.erb (Duration: 2.6ms | Allocations: 3238)
Completed 200 OK in 3ms (Views: 2.9ms | ActiveRecord: 0.0ms | Allocations: 3512)


Started GET "/users" for 127.0.0.1 at 2024-01-10 15:01:21 +0900
Processing by UsersController#index as HTML
  Rendering layout layouts/application.html.erb
  Rendering users/index.html.erb within layouts/application
  [1m[36mUser Load (0.1ms)[0m  [1m[34mSELECT "users".* FROM "users"[0m
  ↳ app/views/users/index.html.erb:6
  Rendered users/_user.html.erb (Duration: 0.1ms | Allocations: 19)
  Rendered users/index.html.erb within layouts/application (Duration: 1.4ms | Allocations: 900)
  Rendered layout layouts/application.html.erb (Duration: 3.5ms | Allocations: 3060)
Completed 200 OK in 4ms (Views: 3.8ms | ActiveRecord: 0.1ms | Allocations: 3331)


Started POST "/microposts" for 127.0.0.1 at 2024-01-10 15:01:43 +0900
Processing by MicropostsController#create as TURBO_STREAM
  Parameters: {"authenticity_token"=>"[FILTERED]", "micropost"=>{"content"=>"atata", "user_id"=>"1"}, "commit"=>"Create Micropost"}
  [1m[36mTRANSACTION (0.0ms)[0m  [1m[36mbegin transaction[0m
  ↳ app/controllers/microposts_controller.rb:27:in `block in create'
  [1m[36mUser Load (0.1ms)[0m  [1m[34mSELECT "users".* FROM "users" WHERE "users"."id" = ? LIMIT ?[0m  [["id", 1], ["LIMIT", 1]]
  ↳ app/controllers/microposts_controller.rb:27:in `block in create'
  [1m[36mTRANSACTION (0.0ms)[0m  [1m[31mrollback transaction[0m
  ↳ app/controllers/microposts_controller.rb:27:in `block in create'
  Rendering layout layouts/application.html.erb
  Rendering microposts/new.html.erb within layouts/application
  Rendered microposts/_form.html.erb (Duration: 1.1ms | Allocations: 1225)
  Rendered microposts/new.html.erb within layouts/application (Duration: 1.2ms | Allocations: 1314)
  Rendered layout layouts/application.html.erb (Duration: 3.0ms | Allocations: 3466)
Completed 422 Unprocessable Entity in 6ms (Views: 3.4ms | ActiveRecord: 0.1ms | Allocations: 6603)


Started POST "/microposts" for 127.0.0.1 at 2024-01-10 15:01:45 +0900
Processing by MicropostsController#create as TURBO_STREAM
  Parameters: {"authenticity_token"=>"[FILTERED]", "micropost"=>{"content"=>"atata", "user_id"=>"0"}, "commit"=>"Create Micropost"}
  [1m[36mTRANSACTION (0.2ms)[0m  [1m[36mbegin transaction[0m
  ↳ app/controllers/microposts_controller.rb:27:in `block in create'
  [1m[36mUser Load (0.1ms)[0m  [1m[34mSELECT "users".* FROM "users" WHERE "users"."id" = ? LIMIT ?[0m  [["id", 0], ["LIMIT", 1]]
  ↳ app/controllers/microposts_controller.rb:27:in `block in create'
  [1m[36mTRANSACTION (0.0ms)[0m  [1m[31mrollback transaction[0m
  ↳ app/controllers/microposts_controller.rb:27:in `block in create'
  Rendering layout layouts/application.html.erb
  Rendering microposts/new.html.erb within layouts/application
  Rendered microposts/_form.html.erb (Duration: 1.2ms | Allocations: 1225)
  Rendered microposts/new.html.erb within layouts/application (Duration: 1.5ms | Allocations: 1314)
  Rendered layout layouts/application.html.erb (Duration: 3.1ms | Allocations: 3466)
Completed 422 Unprocessable Entity in 6ms (Views: 3.4ms | ActiveRecord: 0.3ms | Allocations: 6588)


Started POST "/microposts" for 127.0.0.1 at 2024-01-10 15:01:47 +0900
Processing by MicropostsController#create as TURBO_STREAM
  Parameters: {"authenticity_token"=>"[FILTERED]", "micropost"=>{"content"=>"atata", "user_id"=>"-1"}, "commit"=>"Create Micropost"}
  [1m[36mTRANSACTION (0.1ms)[0m  [1m[36mbegin transaction[0m
  ↳ app/controllers/microposts_controller.rb:27:in `block in create'
  [1m[36mUser Load (0.1ms)[0m  [1m[34mSELECT "users".* FROM "users" WHERE "users"."id" = ? LIMIT ?[0m  [["id", -1], ["LIMIT", 1]]
  ↳ app/controllers/microposts_controller.rb:27:in `block in create'
  [1m[36mTRANSACTION (0.0ms)[0m  [1m[31mrollback transaction[0m
  ↳ app/controllers/microposts_controller.rb:27:in `block in create'
  Rendering layout layouts/application.html.erb
  Rendering microposts/new.html.erb within layouts/application
  Rendered microposts/_form.html.erb (Duration: 1.2ms | Allocations: 1225)
  Rendered microposts/new.html.erb within layouts/application (Duration: 1.4ms | Allocations: 1314)
  Rendered layout layouts/application.html.erb (Duration: 3.0ms | Allocations: 3466)
Completed 422 Unprocessable Entity in 6ms (Views: 3.3ms | ActiveRecord: 0.1ms | Allocations: 6594)


Started GET "/microposts" for 127.0.0.1 at 2024-01-10 15:01:49 +0900
Processing by MicropostsController#index as HTML
  Rendering layout layouts/application.html.erb
  Rendering microposts/index.html.erb within layouts/application
  [1m[36mMicropost Load (0.1ms)[0m  [1m[34mSELECT "microposts".* FROM "microposts"[0m
  ↳ app/views/microposts/index.html.erb:6
  Rendered microposts/_micropost.html.erb (Duration: 0.1ms | Allocations: 19)
  Rendered microposts/index.html.erb within layouts/application (Duration: 1.2ms | Allocations: 911)
  Rendered layout layouts/application.html.erb (Duration: 2.7ms | Allocations: 3071)
Completed 200 OK in 3ms (Views: 2.9ms | ActiveRecord: 0.1ms | Allocations: 3342)


Started GET "/microposts/1" for 127.0.0.1 at 2024-01-10 15:01:55 +0900
Processing by MicropostsController#show as HTML
  Parameters: {"id"=>"1"}
  [1m[36mMicropost Load (0.1ms)[0m  [1m[34mSELECT "microposts".* FROM "microposts" WHERE "microposts"."id" = ? LIMIT ?[0m  [["id", 1], ["LIMIT", 1]]
  ↳ app/controllers/microposts_controller.rb:63:in `set_micropost'
  Rendering layout layouts/application.html.erb
  Rendering microposts/show.html.erb within layouts/application
  Rendered microposts/_micropost.html.erb (Duration: 0.1ms | Allocations: 19)
  Rendered microposts/show.html.erb within layouts/application (Duration: 0.8ms | Allocations: 590)
  Rendered layout layouts/application.html.erb (Duration: 3.0ms | Allocations: 2776)
Completed 200 OK in 6ms (Views: 3.3ms | ActiveRecord: 0.1ms | Allocations: 4133)


Started GET "/microposts/1/edit" for 127.0.0.1 at 2024-01-10 15:01:57 +0900
Processing by MicropostsController#edit as HTML
  Parameters: {"id"=>"1"}
  [1m[36mMicropost Load (0.1ms)[0m  [1m[34mSELECT "microposts".* FROM "microposts" WHERE "microposts"."id" = ? LIMIT ?[0m  [["id", 1], ["LIMIT", 1]]
  ↳ app/controllers/microposts_controller.rb:63:in `set_micropost'
  Rendering layout layouts/application.html.erb
  Rendering microposts/edit.html.erb within layouts/application
  Rendered microposts/_form.html.erb (Duration: 1.6ms | Allocations: 1068)
  Rendered microposts/edit.html.erb within layouts/application (Duration: 2.7ms | Allocations: 1345)
  Rendered layout layouts/application.html.erb (Duration: 4.3ms | Allocations: 3497)
Completed 200 OK in 6ms (Views: 4.8ms | ActiveRecord: 0.1ms | Allocations: 4305)


Started PATCH "/microposts/1" for 127.0.0.1 at 2024-01-10 15:01:59 +0900
Processing by MicropostsController#update as TURBO_STREAM
  Parameters: {"authenticity_token"=>"[FILTERED]", "micropost"=>{"content"=>"tests", "user_id"=>"1"}, "commit"=>"Update Micropost", "id"=>"1"}
  [1m[36mMicropost Load (0.1ms)[0m  [1m[34mSELECT "microposts".* FROM "microposts" WHERE "microposts"."id" = ? LIMIT ?[0m  [["id", 1], ["LIMIT", 1]]
  ↳ app/controllers/microposts_controller.rb:63:in `set_micropost'
  [1m[36mTRANSACTION (0.0ms)[0m  [1m[36mbegin transaction[0m
  ↳ app/controllers/microposts_controller.rb:40:in `block in update'
  [1m[36mUser Load (0.0ms)[0m  [1m[34mSELECT "users".* FROM "users" WHERE "users"."id" = ? LIMIT ?[0m  [["id", 1], ["LIMIT", 1]]
  ↳ app/controllers/microposts_controller.rb:40:in `block in update'
  [1m[36mTRANSACTION (0.0ms)[0m  [1m[31mrollback transaction[0m
  ↳ app/controllers/microposts_controller.rb:40:in `block in update'
  Rendering layout layouts/application.html.erb
  Rendering microposts/edit.html.erb within layouts/application
  Rendered microposts/_form.html.erb (Duration: 1.2ms | Allocations: 1282)
  Rendered microposts/edit.html.erb within layouts/application (Duration: 1.4ms | Allocations: 1407)
  Rendered layout layouts/application.html.erb (Duration: 2.9ms | Allocations: 3577)
Completed 422 Unprocessable Entity in 6ms (Views: 3.2ms | ActiveRecord: 0.1ms | Allocations: 7627)


Started GET "/microposts/1" for 127.0.0.1 at 2024-01-10 15:02:00 +0900
Processing by MicropostsController#show as HTML
  Parameters: {"id"=>"1"}
  [1m[36mMicropost Load (0.1ms)[0m  [1m[34mSELECT "microposts".* FROM "microposts" WHERE "microposts"."id" = ? LIMIT ?[0m  [["id", 1], ["LIMIT", 1]]
  ↳ app/controllers/microposts_controller.rb:63:in `set_micropost'
  Rendering layout layouts/application.html.erb
  Rendering microposts/show.html.erb within layouts/application
  Rendered microposts/_micropost.html.erb (Duration: 0.1ms | Allocations: 19)
  Rendered microposts/show.html.erb within layouts/application (Duration: 0.8ms | Allocations: 549)
  Rendered layout layouts/application.html.erb (Duration: 2.4ms | Allocations: 2701)
Completed 200 OK in 4ms (Views: 2.7ms | ActiveRecord: 0.1ms | Allocations: 3454)


Started DELETE "/microposts/1" for 127.0.0.1 at 2024-01-10 15:02:01 +0900
Processing by MicropostsController#destroy as TURBO_STREAM
  Parameters: {"authenticity_token"=>"[FILTERED]", "id"=>"1"}
  [1m[36mMicropost Load (0.1ms)[0m  [1m[34mSELECT "microposts".* FROM "microposts" WHERE "microposts"."id" = ? LIMIT ?[0m  [["id", 1], ["LIMIT", 1]]
  ↳ app/controllers/microposts_controller.rb:63:in `set_micropost'
  [1m[36mTRANSACTION (0.0ms)[0m  [1m[36mbegin transaction[0m
  ↳ app/controllers/microposts_controller.rb:52:in `destroy'
  [1m[36mMicropost Destroy (0.2ms)[0m  [1m[31mDELETE FROM "microposts" WHERE "microposts"."id" = ?[0m  [["id", 1]]
  ↳ app/controllers/microposts_controller.rb:52:in `destroy'
  [1m[36mTRANSACTION (2.7ms)[0m  [1m[36mcommit transaction[0m
  ↳ app/controllers/microposts_controller.rb:52:in `destroy'
Redirected to http://127.0.0.1:3000/microposts
Completed 302 Found in 6ms (ActiveRecord: 3.0ms | Allocations: 2565)


Started GET "/microposts" for 127.0.0.1 at 2024-01-10 15:02:01 +0900
Processing by MicropostsController#index as TURBO_STREAM
  Rendering layout layouts/application.html.erb
  Rendering microposts/index.html.erb within layouts/application
  [1m[36mMicropost Load (0.1ms)[0m  [1m[34mSELECT "microposts".* FROM "microposts"[0m
  ↳ app/views/microposts/index.html.erb:6
  Rendered microposts/index.html.erb within layouts/application (Duration: 1.0ms | Allocations: 785)
  Rendered layout layouts/application.html.erb (Duration: 2.6ms | Allocations: 2945)
Completed 200 OK in 3ms (Views: 2.8ms | ActiveRecord: 0.1ms | Allocations: 3220)


Started GET "/microposts/new" for 127.0.0.1 at 2024-01-10 15:02:02 +0900
Processing by MicropostsController#new as HTML
  Rendering layout layouts/application.html.erb
  Rendering microposts/new.html.erb within layouts/application
  Rendered microposts/_form.html.erb (Duration: 1.1ms | Allocations: 984)
  Rendered microposts/new.html.erb within layouts/application (Duration: 1.3ms | Allocations: 1073)
  Rendered layout layouts/application.html.erb (Duration: 3.2ms | Allocations: 3233)
Completed 200 OK in 4ms (Views: 3.5ms | ActiveRecord: 0.0ms | Allocations: 3506)


Started POST "/microposts" for 127.0.0.1 at 2024-01-10 15:02:03 +0900
Processing by MicropostsController#create as TURBO_STREAM
  Parameters: {"authenticity_token"=>"[FILTERED]", "micropost"=>{"content"=>"", "user_id"=>""}, "commit"=>"Create Micropost"}
  Rendering layout layouts/application.html.erb
  Rendering microposts/new.html.erb within layouts/application
  Rendered microposts/_form.html.erb (Duration: 1.2ms | Allocations: 1224)
  Rendered microposts/new.html.erb within layouts/application (Duration: 1.4ms | Allocations: 1313)
  Rendered layout layouts/application.html.erb (Duration: 2.8ms | Allocations: 3465)
Completed 422 Unprocessable Entity in 4ms (Views: 3.2ms | ActiveRecord: 0.0ms | Allocations: 4510)


Started POST "/microposts" for 127.0.0.1 at 2024-01-10 15:02:17 +0900
Processing by MicropostsController#create as TURBO_STREAM
  Parameters: {"authenticity_token"=>"[FILTERED]", "micropost"=>{"content"=>"test", "user_id"=>"2"}, "commit"=>"Create Micropost"}
  [1m[36mTRANSACTION (0.1ms)[0m  [1m[36mbegin transaction[0m
  ↳ app/controllers/microposts_controller.rb:27:in `block in create'
  [1m[36mUser Load (0.1ms)[0m  [1m[34mSELECT "users".* FROM "users" WHERE "users"."id" = ? LIMIT ?[0m  [["id", 2], ["LIMIT", 1]]
  ↳ app/controllers/microposts_controller.rb:27:in `block in create'
  [1m[36mMicropost Create (0.1ms)[0m  [1m[32mINSERT INTO "microposts" ("content", "user_id", "created_at", "updated_at") VALUES (?, ?, ?, ?)[0m  [["content", "test"], ["user_id", 2], ["created_at", "2024-01-10 06:02:17.599179"], ["updated_at", "2024-01-10 06:02:17.599179"]]
  ↳ app/controllers/microposts_controller.rb:27:in `block in create'
  [1m[36mTRANSACTION (2.8ms)[0m  [1m[36mcommit transaction[0m
  ↳ app/controllers/microposts_controller.rb:27:in `block in create'
Redirected to http://127.0.0.1:3000/microposts/2
Completed 302 Found in 7ms (ActiveRecord: 3.1ms | Allocations: 3422)


Started GET "/microposts/2" for 127.0.0.1 at 2024-01-10 15:02:17 +0900
Processing by MicropostsController#show as TURBO_STREAM
  Parameters: {"id"=>"2"}
  [1m[36mMicropost Load (0.1ms)[0m  [1m[34mSELECT "microposts".* FROM "microposts" WHERE "microposts"."id" = ? LIMIT ?[0m  [["id", 2], ["LIMIT", 1]]
  ↳ app/controllers/microposts_controller.rb:63:in `set_micropost'
  Rendering layout layouts/application.html.erb
  Rendering microposts/show.html.erb within layouts/application
  Rendered microposts/_micropost.html.erb (Duration: 0.0ms | Allocations: 19)
  Rendered microposts/show.html.erb within layouts/application (Duration: 0.8ms | Allocations: 581)
  Rendered layout layouts/application.html.erb (Duration: 2.3ms | Allocations: 2733)
Completed 200 OK in 3ms (Views: 2.6ms | ActiveRecord: 0.1ms | Allocations: 3488)


Started GET "/microposts" for 127.0.0.1 at 2024-01-10 15:02:21 +0900
Processing by MicropostsController#index as HTML
  Rendering layout layouts/application.html.erb
  Rendering microposts/index.html.erb within layouts/application
  [1m[36mMicropost Load (0.1ms)[0m  [1m[34mSELECT "microposts".* FROM "microposts"[0m
  ↳ app/views/microposts/index.html.erb:6
  Rendered microposts/_micropost.html.erb (Duration: 0.1ms | Allocations: 19)
  Rendered microposts/index.html.erb within layouts/application (Duration: 1.7ms | Allocations: 896)
  Rendered layout layouts/application.html.erb (Duration: 3.5ms | Allocations: 3056)
Completed 200 OK in 4ms (Views: 4.0ms | ActiveRecord: 0.1ms | Allocations: 3327)


Started GET "/microposts/new" for 127.0.0.1 at 2024-01-10 15:02:22 +0900
Processing by MicropostsController#new as HTML
  Rendering layout layouts/application.html.erb
  Rendering microposts/new.html.erb within layouts/application
  Rendered microposts/_form.html.erb (Duration: 1.0ms | Allocations: 1002)
  Rendered microposts/new.html.erb within layouts/application (Duration: 1.2ms | Allocations: 1091)
  Rendered layout layouts/application.html.erb (Duration: 3.0ms | Allocations: 3251)
Completed 200 OK in 4ms (Views: 3.3ms | ActiveRecord: 0.0ms | Allocations: 3524)


Started POST "/microposts" for 127.0.0.1 at 2024-01-10 15:02:25 +0900
Processing by MicropostsController#create as TURBO_STREAM
  Parameters: {"authenticity_token"=>"[FILTERED]", "micropost"=>{"content"=>"test2", "user_id"=>"2"}, "commit"=>"Create Micropost"}
  [1m[36mTRANSACTION (0.0ms)[0m  [1m[36mbegin transaction[0m
  ↳ app/controllers/microposts_controller.rb:27:in `block in create'
  [1m[36mUser Load (0.1ms)[0m  [1m[34mSELECT "users".* FROM "users" WHERE "users"."id" = ? LIMIT ?[0m  [["id", 2], ["LIMIT", 1]]
  ↳ app/controllers/microposts_controller.rb:27:in `block in create'
  [1m[36mMicropost Create (0.1ms)[0m  [1m[32mINSERT INTO "microposts" ("content", "user_id", "created_at", "updated_at") VALUES (?, ?, ?, ?)[0m  [["content", "test2"], ["user_id", 2], ["created_at", "2024-01-10 06:02:25.329269"], ["updated_at", "2024-01-10 06:02:25.329269"]]
  ↳ app/controllers/microposts_controller.rb:27:in `block in create'
  [1m[36mTRANSACTION (3.6ms)[0m  [1m[36mcommit transaction[0m
  ↳ app/controllers/microposts_controller.rb:27:in `block in create'
Redirected to http://127.0.0.1:3000/microposts/3
Completed 302 Found in 7ms (ActiveRecord: 3.8ms | Allocations: 3317)


Started GET "/microposts/3" for 127.0.0.1 at 2024-01-10 15:02:25 +0900
Processing by MicropostsController#show as TURBO_STREAM
  Parameters: {"id"=>"3"}
  [1m[36mMicropost Load (0.1ms)[0m  [1m[34mSELECT "microposts".* FROM "microposts" WHERE "microposts"."id" = ? LIMIT ?[0m  [["id", 3], ["LIMIT", 1]]
  ↳ app/controllers/microposts_controller.rb:63:in `set_micropost'
  Rendering layout layouts/application.html.erb
  Rendering microposts/show.html.erb within layouts/application
  Rendered microposts/_micropost.html.erb (Duration: 0.0ms | Allocations: 19)
  Rendered microposts/show.html.erb within layouts/application (Duration: 0.8ms | Allocations: 564)
  Rendered layout layouts/application.html.erb (Duration: 2.8ms | Allocations: 2750)
Completed 200 OK in 4ms (Views: 3.1ms | ActiveRecord: 0.1ms | Allocations: 3507)


  [1m[36mUser Load (0.1ms)[0m  [1m[34mSELECT "users".* FROM "users" ORDER BY "users"."id" ASC LIMIT ?[0m  [["LIMIT", 1]]
  [1m[36mMicropost Load (0.1ms)[0m  [1m[34mSELECT "microposts".* FROM "microposts" WHERE "microposts"."user_id" = ? ORDER BY "microposts"."id" ASC LIMIT ?[0m  [["user_id", 2], ["LIMIT", 1]]
